<?xml version="1.0" encoding="UTF-8"?>
<!-- Generated by org.testng.reporters.JUnitXMLReporter -->
<testsuite hostname="Jatin-PC" ignored="0" name="Test" tests="4" failures="4" timestamp="03 Jun 2018 04:22:05 GMT" time="78.937" errors="0">
  <testcase name="testFacebook" time="31.655" classname="testScript.test1">
    <failure type="java.lang.AssertionError" message="expected [Facebook - log in or sign up1] but found [Facebook – log in or sign up]">
      <![CDATA[java.lang.AssertionError: expected [Facebook - log in or sign up1] but found [Facebook – log in or sign up]
at testScript.test1.testFacebook(test1.java:32)
... Removed 31 stack frames]]>
    </failure>
  </testcase> <!-- testFacebook -->
  <testcase name="instaTest" time="0.183" classname="testScript.test2">
    <failure type="java.lang.AssertionError" message="null">
      <![CDATA[java.lang.AssertionError: null
at testScript.test2.instaTest(test2.java:32)
... Removed 27 stack frames]]>
    </failure>
  </testcase> <!-- instaTest -->
  <testcase name="testTwitter" time="0.069" classname="testScript.test3">
    <failure type="java.lang.AssertionError" message="null">
      <![CDATA[java.lang.AssertionError: null
at testScript.test3.testTwitter(test3.java:37)
... Removed 27 stack frames]]>
    </failure>
  </testcase> <!-- testTwitter -->
  <testcase name="testLinkedIn" time="0.04" classname="testScript.test4">
    <failure type="java.lang.AssertionError" message="null">
      <![CDATA[java.lang.AssertionError: null
at testScript.test4.testLinkedIn(test4.java:37)
... Removed 27 stack frames]]>
    </failure>
  </testcase> <!-- testLinkedIn -->
</testsuite> <!-- Test -->
